#
# There is insufficient memory for the Java Runtime Environment to continue.
# Native memory allocation (mmap) failed to map 4161536 bytes for G1 virtual space
# Possible reasons:
#   The system is out of physical RAM or swap space
#   The process is running with CompressedOops enabled, and the Java Heap may be blocking the growth of the native heap
# Possible solutions:
#   Reduce memory load on the system
#   Increase physical memory or swap space
#   Check if swap backing store is full
#   Decrease Java heap size (-Xmx/-Xms)
#   Decrease number of Java threads
#   Decrease Java thread stack sizes (-Xss)
#   Set larger code cache with -XX:ReservedCodeCacheSize=
#   JVM is running with Zero Based Compressed Oops mode in which the Java heap is
#     placed in the first 32GB address space. The Java Heap base address is the
#     maximum limit for the native heap growth. Please use -XX:HeapBaseMinAddress
#     to set the Java Heap base and to place the Java Heap above 32GB virtual address.
# This output file may be truncated or incomplete.
#
#  Out of Memory Error (os_windows.cpp:3530), pid=4744, tid=6256
#
# JRE version:  (18.0+36) (build )
# Java VM: OpenJDK 64-Bit Server VM (18+36-2087, mixed mode, sharing, tiered, compressed oops, compressed class ptrs, g1 gc, windows-amd64)
# No core dump will be written. Minidumps are not enabled by default on client versions of Windows
#

---------------  S U M M A R Y ------------

Command Line: -javaagent:C:\Program Files\JetBrains\IntelliJ IDEA Community Edition 2021.3.3\lib\idea_rt.jar=50322:C:\Program Files\JetBrains\IntelliJ IDEA Community Edition 2021.3.3\bin -Dfile.encoding=UTF-8 com.example.demo.FamilyMemberApp

Host: 11th Gen Intel(R) Core(TM) i7-11700K @ 3.60GHz, 16 cores, 15G,  Windows 10 , 64 bit Build 19041 (10.0.19041.1889)
Time: Thu Oct  6 14:51:18 2022  Windows 10 , 64 bit Build 19041 (10.0.19041.1889) elapsed time: 0.048266 seconds (0d 0h 0m 0s)

---------------  T H R E A D  ---------------

Current thread (0x000001dd10dc7490):  JavaThread "Unknown thread" [_thread_in_vm, id=6256, stack(0x00000037fe800000,0x00000037fe900000)]

Stack: [0x00000037fe800000,0x00000037fe900000]
Native frames: (J=compiled Java code, j=interpreted, Vv=VM code, C=native code)
V  [jvm.dll+0x69804a]
V  [jvm.dll+0x7f308d]
V  [jvm.dll+0x7f499e]
V  [jvm.dll+0x7f5053]
V  [jvm.dll+0x25ca3f]
V  [jvm.dll+0x694f99]
V  [jvm.dll+0x689aca]
V  [jvm.dll+0x321efb]
V  [jvm.dll+0x3298d6]
V  [jvm.dll+0x37e493]
V  [jvm.dll+0x37e6af]
V  [jvm.dll+0x2f9c7a]
V  [jvm.dll+0x2facdd]
V  [jvm.dll+0x7c1cc0]
V  [jvm.dll+0x38b801]
V  [jvm.dll+0x7a09d3]
V  [jvm.dll+0x40d6bf]
V  [jvm.dll+0x40f091]
C  [jli.dll+0x526b]
C  [ucrtbase.dll+0x21bb2]
C  [KERNEL32.DLL+0x17034]
C  [ntdll.dll+0x526a1]


---------------  P R O C E S S  ---------------

Threads class SMR info:
_java_thread_list=0x00007ff92653e550, length=0, elements={
}

Java Threads: ( => current thread )

Other Threads:
  0x000001dd10e3a6d0 WorkerThread "GC Thread#0" [stack: 0x00000037fe900000,0x00000037fea00000] [id=17716]
  0x000001dd10e4c410 ConcurrentGCThread "G1 Main Marker" [stack: 0x00000037fea00000,0x00000037feb00000] [id=23804]
  0x000001dd10e4e5b0 WorkerThread "G1 Conc#0" [stack: 0x00000037feb00000,0x00000037fec00000] [id=16656]

[error occurred during error reporting (printing all threads), id 0xc0000005, EXCEPTION_ACCESS_VIOLATION (0xc0000005) at pc=0x00007ff925d6a217]

VM state: not at safepoint (not fully initialized)

VM Mutex/Monitor currently owned by a thread:  ([mutex/lock_event])
[0x000001dd10dc5330] Heap_lock - owner thread: 0x000001dd10dc7490

Heap address: 0x0000000702000000, size: 4064 MB, Compressed Oops mode: Zero based, Oop shift amount: 3

CDS archive(s) mapped at: [0x0000000000000000-0x0000000000000000-0x0000000000000000), size 0, SharedBaseAddress: 0x0000000800000000, ArchiveRelocationMode: 0.
Narrow klass base: 0x0000000000000000, Narrow klass shift: 0, Narrow klass range: 0x0

GC Precious Log:
 CardTable entry size: 512
 Card Set container configuration: InlinePtr #cards 4 size 8 Array Of Cards #cards 16 size 48 Howl #buckets 8 coarsen threshold 3686 Howl Bitmap #cards 512 size 80 coarsen threshold 460 Card regions per heap region 1 cards per card region 4096

Heap:
 garbage-first heap   total 0K, used 0K [0x0000000702000000, 0x0000000800000000)
  region size 2048K, 0 young (0K), 0 survivors (0K)

[error occurred during error reporting (printing heap information), id 0xc0000005, EXCEPTION_ACCESS_VIOLATION (0xc0000005) at pc=0x00007ff926150489]

GC Heap History (0 events):
No events

Deoptimization events (0 events):
No events

Classes loaded (0 events):
No events

Classes unloaded (0 events):
No events

Classes redefined (0 events):
No events

Internal exceptions (0 events):
No events

VM Operations (0 events):
No events

Events (1 events):
Event: 0.041 Loaded shared library C:\Users\48609\.jdks\openjdk-18\bin\java.dll


Dynamic libraries:
0x00007ff602e70000 - 0x00007ff602e7e000 	C:\Users\48609\.jdks\openjdk-18\bin\java.exe
0x00007ff9c31d0000 - 0x00007ff9c33c8000 	C:\Windows\SYSTEM32\ntdll.dll
0x00007ff9c1c60000 - 0x00007ff9c1d1d000 	C:\Windows\System32\KERNEL32.DLL
0x00007ff9c08f0000 - 0x00007ff9c0bbe000 	C:\Windows\System32\KERNELBASE.dll
0x00007ff9a6590000 - 0x00007ff9a65aa000 	C:\Users\48609\.jdks\openjdk-18\bin\VCRUNTIME140.dll
0x00007ff9bcb40000 - 0x00007ff9bcb57000 	C:\Users\48609\.jdks\openjdk-18\bin\jli.dll
0x00007ff9c0c60000 - 0x00007ff9c0d60000 	C:\Windows\System32\ucrtbase.dll
0x00007ff9c24e0000 - 0x00007ff9c2680000 	C:\Windows\System32\USER32.dll
0x00007ff9ad500000 - 0x00007ff9ad79a000 	C:\Windows\WinSxS\amd64_microsoft.windows.common-controls_6595b64144ccf1df_6.0.19041.1110_none_60b5254171f9507e\COMCTL32.dll
0x00007ff9c0bc0000 - 0x00007ff9c0be2000 	C:\Windows\System32\win32u.dll
0x00007ff9c2f60000 - 0x00007ff9c2ffe000 	C:\Windows\System32\msvcrt.dll
0x00007ff9c16f0000 - 0x00007ff9c171a000 	C:\Windows\System32\GDI32.dll
0x00007ff9c0f70000 - 0x00007ff9c107b000 	C:\Windows\System32\gdi32full.dll
0x00007ff9c0d60000 - 0x00007ff9c0dfd000 	C:\Windows\System32\msvcp_win.dll
0x00007ff9c17c0000 - 0x00007ff9c17f0000 	C:\Windows\System32\IMM32.DLL
0x00007ff9bcb30000 - 0x00007ff9bcb3c000 	C:\Users\48609\.jdks\openjdk-18\bin\vcruntime140_1.dll
0x00007ff9a6080000 - 0x00007ff9a610d000 	C:\Users\48609\.jdks\openjdk-18\bin\msvcp140.dll
0x00007ff925a60000 - 0x00007ff926671000 	C:\Users\48609\.jdks\openjdk-18\bin\server\jvm.dll
0x00007ff9c1640000 - 0x00007ff9c16ee000 	C:\Windows\System32\ADVAPI32.dll
0x00007ff9c1720000 - 0x00007ff9c17bc000 	C:\Windows\System32\sechost.dll
0x00007ff9c23b0000 - 0x00007ff9c24d5000 	C:\Windows\System32\RPCRT4.dll
0x00007ff9c1630000 - 0x00007ff9c1638000 	C:\Windows\System32\PSAPI.DLL
0x00007ff9b6830000 - 0x00007ff9b6857000 	C:\Windows\SYSTEM32\WINMM.dll
0x00007ff974060000 - 0x00007ff974069000 	C:\Windows\SYSTEM32\WSOCK32.dll
0x00007ff9c2200000 - 0x00007ff9c226b000 	C:\Windows\System32\WS2_32.dll
0x00007ff9b8e40000 - 0x00007ff9b8e4a000 	C:\Windows\SYSTEM32\VERSION.dll
0x00007ff9be7c0000 - 0x00007ff9be7d2000 	C:\Windows\SYSTEM32\kernel.appcore.dll
0x00007ff9b3a50000 - 0x00007ff9b3a5a000 	C:\Users\48609\.jdks\openjdk-18\bin\jimage.dll
0x00007ff9bde10000 - 0x00007ff9bdff4000 	C:\Windows\SYSTEM32\DBGHELP.DLL
0x00007ff9a3920000 - 0x00007ff9a394c000 	C:\Windows\SYSTEM32\dbgcore.DLL
0x00007ff9c0e30000 - 0x00007ff9c0eb2000 	C:\Windows\System32\bcryptPrimitives.dll
0x00007ff9a5f90000 - 0x00007ff9a5f9e000 	C:\Users\48609\.jdks\openjdk-18\bin\instrument.dll
0x00007ff9a6560000 - 0x00007ff9a6585000 	C:\Users\48609\.jdks\openjdk-18\bin\java.dll

dbghelp: loaded successfully - version: 4.0.5 - missing functions: none
symbol engine: initialized successfully - sym options: 0x614 - pdb path: .;C:\Users\48609\.jdks\openjdk-18\bin;C:\Windows\SYSTEM32;C:\Windows\WinSxS\amd64_microsoft.windows.common-controls_6595b64144ccf1df_6.0.19041.1110_none_60b5254171f9507e;C:\Users\48609\.jdks\openjdk-18\bin\server

VM Arguments:
jvm_args: -javaagent:C:\Program Files\JetBrains\IntelliJ IDEA Community Edition 2021.3.3\lib\idea_rt.jar=50322:C:\Program Files\JetBrains\IntelliJ IDEA Community Edition 2021.3.3\bin -Dfile.encoding=UTF-8 
java_command: com.example.demo.FamilyMemberApp
java_class_path (initial): C:\Users\48609\Desktop\demo\target\classes;C:\Users\48609\.m2\repository\org\springframework\boot\spring-boot-starter\2.7.4\spring-boot-starter-2.7.4.jar;C:\Users\48609\.m2\repository\org\springframework\boot\spring-boot\2.7.4\spring-boot-2.7.4.jar;C:\Users\48609\.m2\repository\org\springframework\spring-context\5.3.23\spring-context-5.3.23.jar;C:\Users\48609\.m2\repository\org\springframework\boot\spring-boot-autoconfigure\2.7.4\spring-boot-autoconfigure-2.7.4.jar;C:\Users\48609\.m2\repository\org\springframework\boot\spring-boot-starter-logging\2.7.4\spring-boot-starter-logging-2.7.4.jar;C:\Users\48609\.m2\repository\ch\qos\logback\logback-classic\1.2.11\logback-classic-1.2.11.jar;C:\Users\48609\.m2\repository\ch\qos\logback\logback-core\1.2.11\logback-core-1.2.11.jar;C:\Users\48609\.m2\repository\org\apache\logging\log4j\log4j-to-slf4j\2.17.2\log4j-to-slf4j-2.17.2.jar;C:\Users\48609\.m2\repository\org\apache\logging\log4j\log4j-api\2.17.2\log4j-api-2.17.2.jar;C:\Users\48609\.m2\repository\org\slf4j\jul-to-slf4j\1.7.36\jul-to-slf4j-1.7.36.jar;C:\Users\48609\.m2\repository\jakarta\annotation\jakarta.annotation-api\1.3.5\jakarta.annotation-api-1.3.5.jar;C:\Users\48609\.m2\repository\org\springframework\spring-core\5.3.23\spring-core-5.3.23.jar;C:\Users\48609\.m2\repository\org\springframework\spring-jcl\5.3.23\spring-jcl-5.3.23.jar;C:\Users\48609\.m2\repository\org\yaml\snakeyaml\1.30\snakeyaml-1.30.jar;C:\Users\48609\.m2\repository\org\springframework\boot\spring-boot-starter-web\2.7.4\spring-boot-starter-web-2.7.4.jar;C:\Users\48609\.m2\repository\org\springframework\boot\spring-boot-starter-json\2.7.4\spring-boot-starter-json-2.7.4.jar;C:\Users\48609\.m2\repository\com\fasterxml\jackson\core\jackson-databind\2.13.4\jackson-databind-2.13.4.jar;C:\Users\48609\.m2\repository\com\fasterxml\jackson\core\jackson-annotations\2.13.4\jackson-annotations-2.13.4.jar;C:\Users\48609\.m2\repository\com\fasterxml\jackson\core\jackson-core\2.13.4\jackson-core-2.13.4.jar;C:\Users\48609\.m2\repository\com\fasterxml\jackson\datatype\jackson-datatype-jdk8\2.13.4\jackson-datatype-jdk8-2.13.4.jar;C:\Users\48609\.m2\repository\com\fasterxml\jackson\datatype\jackson-datatype-jsr310\2.13.4\jackson-datatype-jsr310-2.13.4.jar;C:\Users\48609\.m2\repository\com\fasterxml\jackson\module\jackson-module-parameter-names\2.13.4\jackson-module-parameter-names-2.13.4.jar;C:\Users\48609\.m2\repository\org\springframework\boot\spring-boot-starter-tomcat\2.7.4\spring-boot-starter-tomcat-2.7.4.jar;C:\Users\48609\.m2\repository\org\apache\tomcat\embed\tomcat-embed-core\9.0.65\tomcat-embed-core-9.0.65.jar;C:\Users\48609\.m2\repository\org\apache\tomcat\embed\tomcat-embed-el\9.0.65\tomcat-embed-el-9.0.65.jar;C:\Users\48609\.m2\repository\org\apache\tomcat\embed\tomcat-embed-websocket\9.0.65\tomcat-embed-websocket-9.0.65.jar;C:\Users\48609\.m2\repository\org\springframework\spring-web\5.3.23\spring-web-5.3.23.jar;C:\Users\48609\.m2\repository\org\springframework\spring-beans\5.3.23\spring-beans-5.3.23.jar;C:\Users\48609\.m2\repository\org\springframework\spring-webmvc\5.3.23\spring-webmvc-5.3.23.jar;C:\Users\48609\.m2\repository\org\springframework\spring-expression\5.3.23\spring-expression-5.3.23.jar;C:\Users\48609\.m2\repository\com\h2database\h2\2.1.214\h2-2.1.214.jar;C:\Users\48609\.m2\repository\org\springframework\boot\spring-boot-starter-data-jpa\2.7.4\spring-boot-starter-data-jpa-2.7.4.jar;C:\Users\48609\.m2\repository\org\springframework\boot\spring-boot-starter-aop\2.7.4\spring-boot-starter-aop-2.7.4.jar;C:\Users\48609\.m2\repository\org\aspectj\aspectjweaver\1.9.7\aspectjweaver-1.9.7.jar;C:\Users\48609\.m2\repository\org\springframework\boot\spring-boot-starter-jdbc\2.7.4\spring-boot-starter-jdbc-2.7.4.jar;C:\Users\48609\.m2\repository\com\zaxxer\HikariCP\4.0.3\HikariCP-4.0.3.jar;C:\Users\48609\.m2\repository\org\springframework\spring-jdbc\5.3.23\spring-jdbc-5.3.23.jar;C:\Users\48609\.m2\repository\jakarta\transaction\jakarta.transaction-api\1.3.3\jakarta.transaction-api-1.3.3.jar;C:\Users\48609\.m2\repository\jakarta\persistence\jakarta.persistence-api\2.2.3\jakarta.persistence-api-2.2.3.jar;C:\Users\48609\.m2\repository\org\hibernate\hibernate-core\5.6.11.Final\hibernate-core-5.6.11.Final.jar;C:\Users\48609\.m2\repository\org\jboss\logging\jboss-logging\3.4.3.Final\jboss-logging-3.4.3.Final.jar;C:\Users\48609\.m2\repository\net\bytebuddy\byte-buddy\1.12.17\byte-buddy-1.12.17.jar;C:\Users\48609\.m2\repository\antlr\antlr\2.7.7\antlr-2.7.7.jar;C:\Users\48609\.m2\repository\org\jboss\jandex\2.4.2.Final\jandex-2.4.2.Final.jar;C:\Users\48609\.m2\repository\com\fasterxml\classmate\1.5.1\classmate-1.5.1.jar;C:\Users\48609\.m2\repository\org\hibernate\common\hibernate-commons-annotations\5.1.2.Final\hibernate-commons-annotations-5.1.2.Final.jar;C:\Users\48609\.m2\repository\org\glassfish\jaxb\jaxb-runtime\2.3.6\jaxb-runtime-2.3.6.jar;C:\Users\48609\.m2\repository\org\glassfish\jaxb\txw2\2.3.6\txw2-2.3.6.jar;C:\Users\48609\.m2\repository\com\sun\istack\istack-commons-runtime\3.0.12\istack-commons-runtime-3.0.12.jar;C:\Users\48609\.m2\repository\com\sun\activation\jakarta.activation\1.2.2\jakarta.activation-1.2.2.jar;C:\Users\48609\.m2\repository\org\springframework\data\spring-data-jpa\2.7.3\spring-data-jpa-2.7.3.jar;C:\Users\48609\.m2\repository\org\springframework\data\spring-data-commons\2.7.3\spring-data-commons-2.7.3.jar;C:\Users\48609\.m2\repository\org\springframework\spring-orm\5.3.23\spring-orm-5.3.23.jar;C:\Users\48609\.m2\repository\org\springframework\spring-tx\5.3.23\spring-tx-5.3.23.jar;C:\Users\48609\.m2\repository\org\slf4j\slf4j-api\1.7.36\slf4j-api-1.7.36.jar;C:\Users\48609\.m2\repository\org\springframework\spring-aspects\5.3.23\spring-aspects-5.3.23.jar;C:\Users\48609\.m2\repository\org\springframework\boot\spring-boot-starter-security\2.7.4\spring-boot-starter-security-2.7.4.jar;C:\Users\48609\.m2\repository\org\springframework\spring-aop\5.3.23\spring-aop-5.3.23.jar;C:\Users\48609\.m2\repository\org\springframework\security\spring-security-config\5.7.3\spring-security-config-5.7.3.jar;C:\Users\48609\.m2\repository\org\springframework\security\spring-security-core\5.7.3\spring-security-core-5.7.3.jar;C:\Users\48609\.m2\repository\org\springframework\security\spring-security-crypto\5.7.3\spring-security-crypto-5.7.3.jar;C:\Users\48609\.m2\repository\org\springframework\security\spring-security-web\5.7.3\spring-security-web-5.7.3.jar;C:\Users\48609\.m2\repository\org\hamcrest\hamcrest\2.2\hamcrest-2.2.jar;C:\Users\48609\.m2\repository\jakarta\xml\bind\jakarta.xml.bind-api\2.3.3\jakarta.xml.bind-api-2.3.3.jar;C:\Users\48609\.m2\repository\jakarta\activation\jakarta.activation-api\1.2.2\jakarta.activation-api-1.2.2.jar;C:\Users\48609\.m2\repository\junit\junit\4.13.2\junit-4.13.2.jar;C:\Users\48609\.m2\repository\org\hamcrest\hamcrest-core\2.2\hamcrest-core-2.2.jar
Launcher Type: SUN_STANDARD

[Global flags]
     intx CICompilerCount                          = 12                                        {product} {ergonomic}
     uint ConcGCThreads                            = 3                                         {product} {ergonomic}
     uint G1ConcRefinementThreads                  = 13                                        {product} {ergonomic}
   size_t G1HeapRegionSize                         = 2097152                                   {product} {ergonomic}
    uintx GCDrainStackTargetSize                   = 64                                        {product} {ergonomic}
   size_t InitialHeapSize                          = 266338304                                 {product} {ergonomic}
   size_t MarkStackSize                            = 4194304                                   {product} {ergonomic}
   size_t MaxHeapSize                              = 4261412864                                {product} {ergonomic}
   size_t MinHeapDeltaBytes                        = 2097152                                   {product} {ergonomic}
   size_t MinHeapSize                              = 8388608                                   {product} {ergonomic}
    uintx NonNMethodCodeHeapSize                   = 7602480                                {pd product} {ergonomic}
    uintx NonProfiledCodeHeapSize                  = 122027880                              {pd product} {ergonomic}
    uintx ProfiledCodeHeapSize                     = 122027880                              {pd product} {ergonomic}
    uintx ReservedCodeCacheSize                    = 251658240                              {pd product} {ergonomic}
     bool SegmentedCodeCache                       = true                                      {product} {ergonomic}
   size_t SoftMaxHeapSize                          = 4261412864                             {manageable} {ergonomic}
     bool UseCompressedClassPointers               = true                           {product lp64_product} {ergonomic}
     bool UseCompressedOops                        = true                           {product lp64_product} {ergonomic}
     bool UseG1GC                                  = true                                      {product} {ergonomic}
     bool UseLargePagesIndividualAllocation        = false                                  {pd product} {ergonomic}

Logging:
Log output configuration:
 #0: stdout all=warning uptime,level,tags foldmultilines=false
 #1: stderr all=off uptime,level,tags foldmultilines=false

Environment Variables:
PATH=C:\Program Files (x86)\Razer Chroma SDK\bin;C:\Program Files\Razer Chroma SDK\bin;C:\Program Files (x86)\Razer\ChromaBroadcast\bin;C:\Program Files\Razer\ChromaBroadcast\bin;C:\Program Files (x86)\Common Files\Oracle\Java\javapath;C:\Windows\system32;C:\Windows;C:\Windows\System32\Wbem;C:\Windows\System32\WindowsPowerShell\v1.0\;C:\Windows\System32\OpenSSH\;C:\Program Files (x86)\NVIDIA Corporation\PhysX\Common;C:\Program Files\NVIDIA Corporation\NVIDIA NvDLISR;C:\Windows\system32\config\systemprofile\AppData\Local\Microsoft\WindowsApps;C:\Program Files\Git\cmd;C:\Program Files\Docker\Docker\resources\bin;C:\ProgramData\DockerDesktop\version-bin;C:\Users\48609\AppData\Local\Microsoft\WindowsApps;
USERNAME=48609
OS=Windows_NT
PROCESSOR_IDENTIFIER=Intel64 Family 6 Model 167 Stepping 1, GenuineIntel



---------------  S Y S T E M  ---------------

OS:
 Windows 10 , 64 bit Build 19041 (10.0.19041.1889)
OS uptime: 0 days 4:11 hours
Hyper-V role detected

CPU: total 16 (initial active 16) (8 cores per cpu, 2 threads per core) family 6 model 167 stepping 1 microcode 0x40, cx8, cmov, fxsr, ht, mmx, 3dnowpref, sse, sse2, sse3, ssse3, sse4.1, sse4.2, popcnt, lzcnt, tsc, tscinvbit, avx, avx2, aes, erms, clmul, bmi1, bmi2, adx, avx512f, avx512dq, avx512cd, avx512bw, avx512vl, sha, fma, vzeroupper, avx512_vpopcntdq, avx512_vpclmulqdq, avx512_vaes, avx512_vnni, clflush, clflushopt, avx512_vbmi2, avx512_vbmi, hv

Memory: 4k page, system-wide physical 16253M (402M free)
TotalPageFile size 41853M (AvailPageFile size 7M)
current process WorkingSet (physical memory assigned to process): 10M, peak: 10M
current process commit charge ("private bytes"): 325M, peak: 329M

vm_info: OpenJDK 64-Bit Server VM (18+36-2087) for windows-amd64 JRE (18+36-2087), built on Feb 15 2022 09:37:35 by "mach5one" with MS VC++ 16.8 / 16.9 (VS2019)

END.
