#
# There is insufficient memory for the Java Runtime Environment to continue.
# Native memory allocation (mmap) failed to map 65536 bytes for Failed to commit metaspace.
# Possible reasons:
#   The system is out of physical RAM or swap space
#   The process is running with CompressedOops enabled, and the Java Heap may be blocking the growth of the native heap
# Possible solutions:
#   Reduce memory load on the system
#   Increase physical memory or swap space
#   Check if swap backing store is full
#   Decrease Java heap size (-Xmx/-Xms)
#   Decrease number of Java threads
#   Decrease Java thread stack sizes (-Xss)
#   Set larger code cache with -XX:ReservedCodeCacheSize=
#   JVM is running with Zero Based Compressed Oops mode in which the Java heap is
#     placed in the first 32GB address space. The Java Heap base address is the
#     maximum limit for the native heap growth. Please use -XX:HeapBaseMinAddress
#     to set the Java Heap base and to place the Java Heap above 32GB virtual address.
# This output file may be truncated or incomplete.
#
#  Out of Memory Error (virtualSpaceNode.cpp:110), pid=13856, tid=3688
#
# JRE version: OpenJDK Runtime Environment (18.0+36) (build 18+36-2087)
# Java VM: OpenJDK 64-Bit Server VM (18+36-2087, mixed mode, sharing, tiered, compressed oops, compressed class ptrs, g1 gc, windows-amd64)
# No core dump will be written. Minidumps are not enabled by default on client versions of Windows
#

---------------  S U M M A R Y ------------

Command Line: -javaagent:C:\Program Files\JetBrains\IntelliJ IDEA Community Edition 2021.3.3\lib\idea_rt.jar=50327:C:\Program Files\JetBrains\IntelliJ IDEA Community Edition 2021.3.3\bin -Dfile.encoding=UTF-8 com.example.demo.FamilyMemberApp

Host: 11th Gen Intel(R) Core(TM) i7-11700K @ 3.60GHz, 16 cores, 15G,  Windows 10 , 64 bit Build 19041 (10.0.19041.1889)
Time: Thu Oct  6 14:51:39 2022  Windows 10 , 64 bit Build 19041 (10.0.19041.1889) elapsed time: 0.490554 seconds (0d 0h 0m 0s)

---------------  T H R E A D  ---------------

Current thread (0x0000025153469ba0):  JavaThread "main" [_thread_in_vm, id=3688, stack(0x000000be38d00000,0x000000be38e00000)]

Stack: [0x000000be38d00000,0x000000be38e00000]
Native frames: (J=compiled Java code, j=interpreted, Vv=VM code, C=native code)
V  [jvm.dll+0x69804a]
V  [jvm.dll+0x7f308d]
V  [jvm.dll+0x7f499e]
V  [jvm.dll+0x7f5053]
V  [jvm.dll+0x25ca3f]
V  [jvm.dll+0x7eed9b]
V  [jvm.dll+0x63e276]
V  [jvm.dll+0x1d721e]
V  [jvm.dll+0x640c1b]
V  [jvm.dll+0x640a1e]
V  [jvm.dll+0x63ec3e]
V  [jvm.dll+0x38db92]
V  [jvm.dll+0x1fa02b]
V  [jvm.dll+0x55cece]
V  [jvm.dll+0x76d46d]
V  [jvm.dll+0x76d3ca]
V  [jvm.dll+0x42d891]
V  [jvm.dll+0x4404a3]
C  [java.dll+0x1657]

Java frames: (J=compiled Java code, j=interpreted, Vv=VM code)
j  java.lang.ClassLoader.defineClass0(Ljava/lang/ClassLoader;Ljava/lang/Class;Ljava/lang/String;[BIILjava/security/ProtectionDomain;ZILjava/lang/Object;)Ljava/lang/Class;+0 java.base@18
j  java.lang.System$2.defineClass(Ljava/lang/ClassLoader;Ljava/lang/Class;Ljava/lang/String;[BLjava/security/ProtectionDomain;ZILjava/lang/Object;)Ljava/lang/Class;+17 java.base@18
j  java.lang.invoke.MethodHandles$Lookup$ClassDefiner.defineClass(ZLjava/lang/Object;)Ljava/lang/Class;+54 java.base@18
j  java.lang.invoke.InvokerBytecodeGenerator.loadMethod([B)Ljava/lang/invoke/MemberName;+19 java.base@18
j  java.lang.invoke.InvokerBytecodeGenerator.generateCustomizedCode(Ljava/lang/invoke/LambdaForm;Ljava/lang/invoke/MethodType;)Ljava/lang/invoke/MemberName;+30 java.base@18
j  java.lang.invoke.LambdaForm.compileToBytecode()V+69 java.base@18
j  java.lang.invoke.LambdaForm.prepare()V+21 java.base@18
j  java.lang.invoke.MethodHandle.<init>(Ljava/lang/invoke/MethodType;Ljava/lang/invoke/LambdaForm;)V+33 java.base@18
j  java.lang.invoke.BoundMethodHandle.<init>(Ljava/lang/invoke/MethodType;Ljava/lang/invoke/LambdaForm;)V+3 java.base@18
j  java.lang.invoke.BoundMethodHandle$Species_LL.<init>(Ljava/lang/invoke/MethodType;Ljava/lang/invoke/LambdaForm;Ljava/lang/Object;Ljava/lang/Object;)V+3 java.base@18
j  java.lang.invoke.BoundMethodHandle$Species_LL.make(Ljava/lang/invoke/MethodType;Ljava/lang/invoke/LambdaForm;Ljava/lang/Object;Ljava/lang/Object;)Ljava/lang/invoke/BoundMethodHandle;+8 java.base@18
j  java.lang.invoke.DirectMethodHandle$Holder.invokeStatic(Ljava/lang/Object;Ljava/lang/Object;Ljava/lang/Object;Ljava/lang/Object;Ljava/lang/Object;)Ljava/lang/Object;+16 java.base@18
j  java.lang.invoke.BoundMethodHandle$Species_L.copyWithExtendL(Ljava/lang/invoke/MethodType;Ljava/lang/invoke/LambdaForm;Ljava/lang/Object;)Ljava/lang/invoke/BoundMethodHandle;+19 java.base@18
j  java.lang.invoke.MethodHandleImpl.makePairwiseConvertByEditor(Ljava/lang/invoke/MethodHandle;Ljava/lang/invoke/MethodType;ZZ)Ljava/lang/invoke/MethodHandle;+410 java.base@18
j  java.lang.invoke.MethodHandleImpl.makePairwiseConvert(Ljava/lang/invoke/MethodHandle;Ljava/lang/invoke/MethodType;ZZ)Ljava/lang/invoke/MethodHandle;+18 java.base@18
j  java.lang.invoke.MethodHandleImpl.makePairwiseConvert(Ljava/lang/invoke/MethodHandle;Ljava/lang/invoke/MethodType;Z)Ljava/lang/invoke/MethodHandle;+4 java.base@18
j  java.lang.invoke.MethodHandle.asTypeUncached(Ljava/lang/invoke/MethodType;)Ljava/lang/invoke/MethodHandle;+50 java.base@18
j  java.lang.invoke.MethodHandle.asType(Ljava/lang/invoke/MethodType;)Ljava/lang/invoke/MethodHandle;+25 java.base@18
j  jdk.internal.reflect.MethodHandleAccessorFactory.newConstructorAccessor(Ljava/lang/reflect/Constructor;)Ljdk/internal/reflect/ConstructorAccessorImpl;+64 java.base@18
j  jdk.internal.reflect.ReflectionFactory.newConstructorAccessor(Ljava/lang/reflect/Constructor;)Ljdk/internal/reflect/ConstructorAccessor;+70 java.base@18
j  java.lang.reflect.Constructor.acquireConstructorAccessor()Ljdk/internal/reflect/ConstructorAccessor;+58 java.base@18
j  java.lang.reflect.Constructor.newInstanceWithCaller([Ljava/lang/Object;ZLjava/lang/Class;)Ljava/lang/Object;+33 java.base@18
j  java.lang.reflect.Constructor.newInstance([Ljava/lang/Object;)Ljava/lang/Object;+30 java.base@18
j  sun.security.provider.PolicyFile.getInstance(Ljava/lang/String;Ljava/lang/String;Ljava/lang/String;)Ljava/security/Permission;+240 java.base@18
j  sun.security.provider.PolicyFile.addGrantEntry(Lsun/security/provider/PolicyParser$GrantEntry;Ljava/security/KeyStore;Lsun/security/provider/PolicyFile$PolicyInfo;)V+387 java.base@18
j  sun.security.provider.PolicyFile.initDefaultPolicy(Lsun/security/provider/PolicyFile$PolicyInfo;)V+118 java.base@18
j  sun.security.provider.PolicyFile$2.run()Ljava/lang/Void;+8 java.base@18
j  sun.security.provider.PolicyFile$2.run()Ljava/lang/Object;+1 java.base@18
j  java.security.AccessController.executePrivileged(Ljava/security/PrivilegedAction;Ljava/security/AccessControlContext;Ljava/lang/Class;)Ljava/lang/Object;+29 java.base@18
j  java.security.AccessController.doPrivileged(Ljava/security/PrivilegedAction;)Ljava/lang/Object;+5 java.base@18
j  sun.security.provider.PolicyFile.initPolicyFile(Lsun/security/provider/PolicyFile$PolicyInfo;Ljava/net/URL;)V+9 java.base@18
j  sun.security.provider.PolicyFile.init(Ljava/net/URL;)V+50 java.base@18
j  sun.security.provider.PolicyFile.<init>()V+24 java.base@18
j  java.security.Policy.loadPolicyProvider()Ljava/security/Policy;+38 java.base@18
j  java.security.Policy.getPolicyNoCheck()Ljava/security/Policy;+34 java.base@18
j  java.security.ProtectionDomain.implies(Ljava/security/Permission;)Z+16 java.base@18
j  java.security.ProtectionDomain.impliesWithAltFilePerm(Ljava/security/Permission;)Z+23 java.base@18
j  java.security.AccessControlContext.checkPermission(Ljava/security/Permission;)V+323 java.base@18
j  java.security.AccessController.checkPermission(Ljava/security/Permission;)V+161 java.base@18
j  ch.qos.logback.core.util.Loader$1.run()Ljava/lang/Boolean;+9
j  ch.qos.logback.core.util.Loader$1.run()Ljava/lang/Object;+1
j  java.security.AccessController.executePrivileged(Ljava/security/PrivilegedAction;Ljava/security/AccessControlContext;Ljava/lang/Class;)Ljava/lang/Object;+29 java.base@18
j  java.security.AccessController.doPrivileged(Ljava/security/PrivilegedAction;)Ljava/lang/Object;+5 java.base@18
j  ch.qos.logback.core.util.Loader.<clinit>()V+34
v  ~StubRoutines::call_stub
j  ch.qos.logback.classic.util.ContextInitializer.findURLOfDefaultConfigurationFile(Z)Ljava/net/URL;+1
j  ch.qos.logback.classic.util.ContextInitializer.autoConfig()V+9
j  org.slf4j.impl.StaticLoggerBinder.init()V+11
j  org.slf4j.impl.StaticLoggerBinder.<clinit>()V+28
v  ~StubRoutines::call_stub
j  org.slf4j.LoggerFactory.bind()V+16
j  org.slf4j.LoggerFactory.performInitialization()V+0
j  org.slf4j.LoggerFactory.getILoggerFactory()Lorg/slf4j/ILoggerFactory;+21
j  org.slf4j.LoggerFactory.getLogger(Ljava/lang/String;)Lorg/slf4j/Logger;+0
j  org.apache.commons.logging.LogAdapter$Slf4jAdapter.createLocationAwareLog(Ljava/lang/String;)Lorg/apache/commons/logging/Log;+1
j  org.apache.commons.logging.LogAdapter.createLog(Ljava/lang/String;)Lorg/apache/commons/logging/Log;+42
j  org.apache.commons.logging.LogFactory.getLog(Ljava/lang/String;)Lorg/apache/commons/logging/Log;+1
j  org.apache.commons.logging.LogFactory.getLog(Ljava/lang/Class;)Lorg/apache/commons/logging/Log;+4
j  org.springframework.boot.SpringApplication.<clinit>()V+2
v  ~StubRoutines::call_stub
j  com.example.demo.FamilyMemberApp.main([Ljava/lang/String;)V+3
v  ~StubRoutines::call_stub

---------------  P R O C E S S  ---------------

Threads class SMR info:
_java_thread_list=0x000002517b262f00, length=15, elements={
0x0000025153469ba0, 0x0000025176d4ecf0, 0x0000025176d4f690, 0x0000025176d68ea0,
0x0000025176d69840, 0x0000025176d6c1f0, 0x0000025176d6cb90, 0x0000025176d6f870,
0x000002517b010450, 0x000002517b030a00, 0x0000025176d3c970, 0x000002517b0e2340,
0x000002517b0e2840, 0x000002517bc08f10, 0x000002517b3552b0
}

Java Threads: ( => current thread )
=>0x0000025153469ba0 JavaThread "main" [_thread_in_vm, id=3688, stack(0x000000be38d00000,0x000000be38e00000)]
  0x0000025176d4ecf0 JavaThread "Reference Handler" daemon [_thread_blocked, id=11896, stack(0x000000be39400000,0x000000be39500000)]
  0x0000025176d4f690 JavaThread "Finalizer" daemon [_thread_blocked, id=18996, stack(0x000000be39500000,0x000000be39600000)]
  0x0000025176d68ea0 JavaThread "Signal Dispatcher" daemon [_thread_blocked, id=7328, stack(0x000000be39600000,0x000000be39700000)]
  0x0000025176d69840 JavaThread "Attach Listener" daemon [_thread_blocked, id=5568, stack(0x000000be39700000,0x000000be39800000)]
  0x0000025176d6c1f0 JavaThread "Service Thread" daemon [_thread_blocked, id=18048, stack(0x000000be39800000,0x000000be39900000)]
  0x0000025176d6cb90 JavaThread "Monitor Deflation Thread" daemon [_thread_blocked, id=20152, stack(0x000000be39900000,0x000000be39a00000)]
  0x0000025176d6f870 JavaThread "C2 CompilerThread0" daemon [_thread_blocked, id=3544, stack(0x000000be39a00000,0x000000be39b00000)]
  0x000002517b010450 JavaThread "C1 CompilerThread0" daemon [_thread_blocked, id=18692, stack(0x000000be39b00000,0x000000be39c00000)]
  0x000002517b030a00 JavaThread "Sweeper thread" daemon [_thread_blocked, id=21532, stack(0x000000be39c00000,0x000000be39d00000)]
  0x0000025176d3c970 JavaThread "Common-Cleaner" daemon [_thread_blocked, id=14352, stack(0x000000be39d00000,0x000000be39e00000)]
  0x000002517b0e2340 JavaThread "C1 CompilerThread1" daemon [_thread_blocked, id=18616, stack(0x000000be39e00000,0x000000be39f00000)]
  0x000002517b0e2840 JavaThread "C1 CompilerThread2" daemon [_thread_blocked, id=344, stack(0x000000be39f00000,0x000000be3a000000)]
  0x000002517bc08f10 JavaThread "Monitor Ctrl-Break" daemon [_thread_in_native, id=13992, stack(0x000000be3a000000,0x000000be3a100000)]
  0x000002517b3552b0 JavaThread "Notification Thread" daemon [_thread_blocked, id=13348, stack(0x000000be3a100000,0x000000be3a200000)]

Other Threads:
  0x0000025176d4ba50 VMThread "VM Thread" [stack: 0x000000be39300000,0x000000be39400000] [id=13456]
  0x000002517b307190 WatcherThread "VM Periodic Task Thread" [stack: 0x000000be3a200000,0x000000be3a300000] [id=13048]
  0x00000251534ddcd0 WorkerThread "GC Thread#0" [stack: 0x000000be38e00000,0x000000be38f00000] [id=13928]
  0x00000251534efa10 ConcurrentGCThread "G1 Main Marker" [stack: 0x000000be38f00000,0x000000be39000000] [id=4944]
  0x00000251534f0400 WorkerThread "G1 Conc#0" [stack: 0x000000be39000000,0x000000be39100000] [id=23720]
  0x0000025176c08d20 ConcurrentGCThread "G1 Refine#0" [stack: 0x000000be39100000,0x000000be39200000] [id=9208]
  0x0000025176c093e0 ConcurrentGCThread "G1 Service" [stack: 0x000000be39200000,0x000000be39300000] [id=3256]

Threads with active compile tasks:

VM state: not at safepoint (normal execution)

VM Mutex/Monitor currently owned by a thread:  ([mutex/lock_event])
[0x0000025153463de0] Metaspace_lock - owner thread: 0x0000025153469ba0

Heap address: 0x0000000702000000, size: 4064 MB, Compressed Oops mode: Zero based, Oop shift amount: 3

CDS archive(s) mapped at: [0x0000000800000000-0x0000000800b90000-0x0000000800b90000), size 12124160, SharedBaseAddress: 0x0000000800000000, ArchiveRelocationMode: 0.
Compressed class space mapped at: 0x0000000800c00000-0x0000000840c00000, reserved size: 1073741824
Narrow klass base: 0x0000000800000000, Narrow klass shift: 0, Narrow klass range: 0x100000000

GC Precious Log:
 CardTable entry size: 512
 Card Set container configuration: InlinePtr #cards 4 size 8 Array Of Cards #cards 16 size 48 Howl #buckets 8 coarsen threshold 3686 Howl Bitmap #cards 512 size 80 coarsen threshold 460 Card regions per heap region 1 cards per card region 4096
 CPUs: 16 total, 16 available
 Memory: 16253M
 Large Page Support: Disabled
 NUMA Support: Disabled
 Compressed Oops: Enabled (Zero based)
 Heap Region Size: 2M
 Heap Min Capacity: 8M
 Heap Initial Capacity: 254M
 Heap Max Capacity: 4064M
 Pre-touch: Disabled
 Parallel Workers: 13
 Concurrent Workers: 3
 Concurrent Refinement Workers: 13
 Periodic GC: Disabled

Heap:
 garbage-first heap   total 260096K, used 8192K [0x0000000702000000, 0x0000000800000000)
  region size 2048K, 5 young (10240K), 0 survivors (0K)
 Metaspace       used 1756K, committed 1920K, reserved 1114112K
  class space    used 141K, committed 192K, reserved 1048576K

Heap Regions: E=young(eden), S=young(survivor), O=old, HS=humongous(starts), HC=humongous(continues), CS=collection set, F=free, OA=open archive, CA=closed archive, TAMS=top-at-mark-start (previous, next)
|   0|0x0000000702000000, 0x0000000702000000, 0x0000000702200000|  0%| F|  |TAMS 0x0000000702000000, 0x0000000702000000| Untracked 
|   1|0x0000000702200000, 0x0000000702200000, 0x0000000702400000|  0%| F|  |TAMS 0x0000000702200000, 0x0000000702200000| Untracked 
|   2|0x0000000702400000, 0x0000000702400000, 0x0000000702600000|  0%| F|  |TAMS 0x0000000702400000, 0x0000000702400000| Untracked 
|   3|0x0000000702600000, 0x0000000702600000, 0x0000000702800000|  0%| F|  |TAMS 0x0000000702600000, 0x0000000702600000| Untracked 
|   4|0x0000000702800000, 0x0000000702800000, 0x0000000702a00000|  0%| F|  |TAMS 0x0000000702800000, 0x0000000702800000| Untracked 
|   5|0x0000000702a00000, 0x0000000702a00000, 0x0000000702c00000|  0%| F|  |TAMS 0x0000000702a00000, 0x0000000702a00000| Untracked 
|   6|0x0000000702c00000, 0x0000000702c00000, 0x0000000702e00000|  0%| F|  |TAMS 0x0000000702c00000, 0x0000000702c00000| Untracked 
|   7|0x0000000702e00000, 0x0000000702e00000, 0x0000000703000000|  0%| F|  |TAMS 0x0000000702e00000, 0x0000000702e00000| Untracked 
|   8|0x0000000703000000, 0x0000000703000000, 0x0000000703200000|  0%| F|  |TAMS 0x0000000703000000, 0x0000000703000000| Untracked 
|   9|0x0000000703200000, 0x0000000703200000, 0x0000000703400000|  0%| F|  |TAMS 0x0000000703200000, 0x0000000703200000| Untracked 
|  10|0x0000000703400000, 0x0000000703400000, 0x0000000703600000|  0%| F|  |TAMS 0x0000000703400000, 0x0000000703400000| Untracked 
|  11|0x0000000703600000, 0x0000000703600000, 0x0000000703800000|  0%| F|  |TAMS 0x0000000703600000, 0x0000000703600000| Untracked 
|  12|0x0000000703800000, 0x0000000703800000, 0x0000000703a00000|  0%| F|  |TAMS 0x0000000703800000, 0x0000000703800000| Untracked 
|  13|0x0000000703a00000, 0x0000000703a00000, 0x0000000703c00000|  0%| F|  |TAMS 0x0000000703a00000, 0x0000000703a00000| Untracked 
|  14|0x0000000703c00000, 0x0000000703c00000, 0x0000000703e00000|  0%| F|  |TAMS 0x0000000703c00000, 0x0000000703c00000| Untracked 
|  15|0x0000000703e00000, 0x0000000703e00000, 0x0000000704000000|  0%| F|  |TAMS 0x0000000703e00000, 0x0000000703e00000| Untracked 
|  16|0x0000000704000000, 0x0000000704000000, 0x0000000704200000|  0%| F|  |TAMS 0x0000000704000000, 0x0000000704000000| Untracked 
|  17|0x0000000704200000, 0x0000000704200000, 0x0000000704400000|  0%| F|  |TAMS 0x0000000704200000, 0x0000000704200000| Untracked 
|  18|0x0000000704400000, 0x0000000704400000, 0x0000000704600000|  0%| F|  |TAMS 0x0000000704400000, 0x0000000704400000| Untracked 
|  19|0x0000000704600000, 0x0000000704600000, 0x0000000704800000|  0%| F|  |TAMS 0x0000000704600000, 0x0000000704600000| Untracked 
|  20|0x0000000704800000, 0x0000000704800000, 0x0000000704a00000|  0%| F|  |TAMS 0x0000000704800000, 0x0000000704800000| Untracked 
|  21|0x0000000704a00000, 0x0000000704a00000, 0x0000000704c00000|  0%| F|  |TAMS 0x0000000704a00000, 0x0000000704a00000| Untracked 
|  22|0x0000000704c00000, 0x0000000704c00000, 0x0000000704e00000|  0%| F|  |TAMS 0x0000000704c00000, 0x0000000704c00000| Untracked 
|  23|0x0000000704e00000, 0x0000000704e00000, 0x0000000705000000|  0%| F|  |TAMS 0x0000000704e00000, 0x0000000704e00000| Untracked 
|  24|0x0000000705000000, 0x0000000705000000, 0x0000000705200000|  0%| F|  |TAMS 0x0000000705000000, 0x0000000705000000| Untracked 
|  25|0x0000000705200000, 0x0000000705200000, 0x0000000705400000|  0%| F|  |TAMS 0x0000000705200000, 0x0000000705200000| Untracked 
|  26|0x0000000705400000, 0x0000000705400000, 0x0000000705600000|  0%| F|  |TAMS 0x0000000705400000, 0x0000000705400000| Untracked 
|  27|0x0000000705600000, 0x0000000705600000, 0x0000000705800000|  0%| F|  |TAMS 0x0000000705600000, 0x0000000705600000| Untracked 
|  28|0x0000000705800000, 0x0000000705800000, 0x0000000705a00000|  0%| F|  |TAMS 0x0000000705800000, 0x0000000705800000| Untracked 
|  29|0x0000000705a00000, 0x0000000705a00000, 0x0000000705c00000|  0%| F|  |TAMS 0x0000000705a00000, 0x0000000705a00000| Untracked 
|  30|0x0000000705c00000, 0x0000000705c00000, 0x0000000705e00000|  0%| F|  |TAMS 0x0000000705c00000, 0x0000000705c00000| Untracked 
|  31|0x0000000705e00000, 0x0000000705e00000, 0x0000000706000000|  0%| F|  |TAMS 0x0000000705e00000, 0x0000000705e00000| Untracked 
|  32|0x0000000706000000, 0x0000000706000000, 0x0000000706200000|  0%| F|  |TAMS 0x0000000706000000, 0x0000000706000000| Untracked 
|  33|0x0000000706200000, 0x0000000706200000, 0x0000000706400000|  0%| F|  |TAMS 0x0000000706200000, 0x0000000706200000| Untracked 
|  34|0x0000000706400000, 0x0000000706400000, 0x0000000706600000|  0%| F|  |TAMS 0x0000000706400000, 0x0000000706400000| Untracked 
|  35|0x0000000706600000, 0x0000000706600000, 0x0000000706800000|  0%| F|  |TAMS 0x0000000706600000, 0x0000000706600000| Untracked 
|  36|0x0000000706800000, 0x0000000706800000, 0x0000000706a00000|  0%| F|  |TAMS 0x0000000706800000, 0x0000000706800000| Untracked 
|  37|0x0000000706a00000, 0x0000000706a00000, 0x0000000706c00000|  0%| F|  |TAMS 0x0000000706a00000, 0x0000000706a00000| Untracked 
|  38|0x0000000706c00000, 0x0000000706c00000, 0x0000000706e00000|  0%| F|  |TAMS 0x0000000706c00000, 0x0000000706c00000| Untracked 
|  39|0x0000000706e00000, 0x0000000706e00000, 0x0000000707000000|  0%| F|  |TAMS 0x0000000706e00000, 0x0000000706e00000| Untracked 
|  40|0x0000000707000000, 0x0000000707000000, 0x0000000707200000|  0%| F|  |TAMS 0x0000000707000000, 0x0000000707000000| Untracked 
|  41|0x0000000707200000, 0x0000000707200000, 0x0000000707400000|  0%| F|  |TAMS 0x0000000707200000, 0x0000000707200000| Untracked 
|  42|0x0000000707400000, 0x0000000707400000, 0x0000000707600000|  0%| F|  |TAMS 0x0000000707400000, 0x0000000707400000| Untracked 
|  43|0x0000000707600000, 0x0000000707600000, 0x0000000707800000|  0%| F|  |TAMS 0x0000000707600000, 0x0000000707600000| Untracked 
|  44|0x0000000707800000, 0x0000000707800000, 0x0000000707a00000|  0%| F|  |TAMS 0x0000000707800000, 0x0000000707800000| Untracked 
|  45|0x0000000707a00000, 0x0000000707a00000, 0x0000000707c00000|  0%| F|  |TAMS 0x0000000707a00000, 0x0000000707a00000| Untracked 
|  46|0x0000000707c00000, 0x0000000707c00000, 0x0000000707e00000|  0%| F|  |TAMS 0x0000000707c00000, 0x0000000707c00000| Untracked 
|  47|0x0000000707e00000, 0x0000000707e00000, 0x0000000708000000|  0%| F|  |TAMS 0x0000000707e00000, 0x0000000707e00000| Untracked 
|  48|0x0000000708000000, 0x0000000708000000, 0x0000000708200000|  0%| F|  |TAMS 0x0000000708000000, 0x0000000708000000| Untracked 
|  49|0x0000000708200000, 0x0000000708200000, 0x0000000708400000|  0%| F|  |TAMS 0x0000000708200000, 0x0000000708200000| Untracked 
|  50|0x0000000708400000, 0x0000000708400000, 0x0000000708600000|  0%| F|  |TAMS 0x0000000708400000, 0x0000000708400000| Untracked 
|  51|0x0000000708600000, 0x0000000708600000, 0x0000000708800000|  0%| F|  |TAMS 0x0000000708600000, 0x0000000708600000| Untracked 
|  52|0x0000000708800000, 0x0000000708800000, 0x0000000708a00000|  0%| F|  |TAMS 0x0000000708800000, 0x0000000708800000| Untracked 
|  53|0x0000000708a00000, 0x0000000708a00000, 0x0000000708c00000|  0%| F|  |TAMS 0x0000000708a00000, 0x0000000708a00000| Untracked 
|  54|0x0000000708c00000, 0x0000000708c00000, 0x0000000708e00000|  0%| F|  |TAMS 0x0000000708c00000, 0x0000000708c00000| Untracked 
|  55|0x0000000708e00000, 0x0000000708e00000, 0x0000000709000000|  0%| F|  |TAMS 0x0000000708e00000, 0x0000000708e00000| Untracked 
|  56|0x0000000709000000, 0x0000000709000000, 0x0000000709200000|  0%| F|  |TAMS 0x0000000709000000, 0x0000000709000000| Untracked 
|  57|0x0000000709200000, 0x0000000709200000, 0x0000000709400000|  0%| F|  |TAMS 0x0000000709200000, 0x0000000709200000| Untracked 
|  58|0x0000000709400000, 0x0000000709400000, 0x0000000709600000|  0%| F|  |TAMS 0x0000000709400000, 0x0000000709400000| Untracked 
|  59|0x0000000709600000, 0x0000000709600000, 0x0000000709800000|  0%| F|  |TAMS 0x0000000709600000, 0x0000000709600000| Untracked 
|  60|0x0000000709800000, 0x0000000709800000, 0x0000000709a00000|  0%| F|  |TAMS 0x0000000709800000, 0x0000000709800000| Untracked 
|  61|0x0000000709a00000, 0x0000000709a00000, 0x0000000709c00000|  0%| F|  |TAMS 0x0000000709a00000, 0x0000000709a00000| Untracked 
|  62|0x0000000709c00000, 0x0000000709c00000, 0x0000000709e00000|  0%| F|  |TAMS 0x0000000709c00000, 0x0000000709c00000| Untracked 
|  63|0x0000000709e00000, 0x0000000709e00000, 0x000000070a000000|  0%| F|  |TAMS 0x0000000709e00000, 0x0000000709e00000| Untracked 
|  64|0x000000070a000000, 0x000000070a000000, 0x000000070a200000|  0%| F|  |TAMS 0x000000070a000000, 0x000000070a000000| Untracked 
|  65|0x000000070a200000, 0x000000070a200000, 0x000000070a400000|  0%| F|  |TAMS 0x000000070a200000, 0x000000070a200000| Untracked 
|  66|0x000000070a400000, 0x000000070a400000, 0x000000070a600000|  0%| F|  |TAMS 0x000000070a400000, 0x000000070a400000| Untracked 
|  67|0x000000070a600000, 0x000000070a600000, 0x000000070a800000|  0%| F|  |TAMS 0x000000070a600000, 0x000000070a600000| Untracked 
|  68|0x000000070a800000, 0x000000070a800000, 0x000000070aa00000|  0%| F|  |TAMS 0x000000070a800000, 0x000000070a800000| Untracked 
|  69|0x000000070aa00000, 0x000000070aa00000, 0x000000070ac00000|  0%| F|  |TAMS 0x000000070aa00000, 0x000000070aa00000| Untracked 
|  70|0x000000070ac00000, 0x000000070ac00000, 0x000000070ae00000|  0%| F|  |TAMS 0x000000070ac00000, 0x000000070ac00000| Untracked 
|  71|0x000000070ae00000, 0x000000070ae00000, 0x000000070b000000|  0%| F|  |TAMS 0x000000070ae00000, 0x000000070ae00000| Untracked 
|  72|0x000000070b000000, 0x000000070b000000, 0x000000070b200000|  0%| F|  |TAMS 0x000000070b000000, 0x000000070b000000| Untracked 
|  73|0x000000070b200000, 0x000000070b200000, 0x000000070b400000|  0%| F|  |TAMS 0x000000070b200000, 0x000000070b200000| Untracked 
|  74|0x000000070b400000, 0x000000070b400000, 0x000000070b600000|  0%| F|  |TAMS 0x000000070b400000, 0x000000070b400000| Untracked 
|  75|0x000000070b600000, 0x000000070b600000, 0x000000070b800000|  0%| F|  |TAMS 0x000000070b600000, 0x000000070b600000| Untracked 
|  76|0x000000070b800000, 0x000000070b800000, 0x000000070ba00000|  0%| F|  |TAMS 0x000000070b800000, 0x000000070b800000| Untracked 
|  77|0x000000070ba00000, 0x000000070ba00000, 0x000000070bc00000|  0%| F|  |TAMS 0x000000070ba00000, 0x000000070ba00000| Untracked 
|  78|0x000000070bc00000, 0x000000070bc00000, 0x000000070be00000|  0%| F|  |TAMS 0x000000070bc00000, 0x000000070bc00000| Untracked 
|  79|0x000000070be00000, 0x000000070be00000, 0x000000070c000000|  0%| F|  |TAMS 0x000000070be00000, 0x000000070be00000| Untracked 
|  80|0x000000070c000000, 0x000000070c000000, 0x000000070c200000|  0%| F|  |TAMS 0x000000070c000000, 0x000000070c000000| Untracked 
|  81|0x000000070c200000, 0x000000070c200000, 0x000000070c400000|  0%| F|  |TAMS 0x000000070c200000, 0x000000070c200000| Untracked 
|  82|0x000000070c400000, 0x000000070c400000, 0x000000070c600000|  0%| F|  |TAMS 0x000000070c400000, 0x000000070c400000| Untracked 
|  83|0x000000070c600000, 0x000000070c600000, 0x000000070c800000|  0%| F|  |TAMS 0x000000070c600000, 0x000000070c600000| Untracked 
|  84|0x000000070c800000, 0x000000070c800000, 0x000000070ca00000|  0%| F|  |TAMS 0x000000070c800000, 0x000000070c800000| Untracked 
|  85|0x000000070ca00000, 0x000000070ca00000, 0x000000070cc00000|  0%| F|  |TAMS 0x000000070ca00000, 0x000000070ca00000| Untracked 
|  86|0x000000070cc00000, 0x000000070cc00000, 0x000000070ce00000|  0%| F|  |TAMS 0x000000070cc00000, 0x000000070cc00000| Untracked 
|  87|0x000000070ce00000, 0x000000070ce00000, 0x000000070d000000|  0%| F|  |TAMS 0x000000070ce00000, 0x000000070ce00000| Untracked 
|  88|0x000000070d000000, 0x000000070d000000, 0x000000070d200000|  0%| F|  |TAMS 0x000000070d000000, 0x000000070d000000| Untracked 
|  89|0x000000070d200000, 0x000000070d200000, 0x000000070d400000|  0%| F|  |TAMS 0x000000070d200000, 0x000000070d200000| Untracked 
|  90|0x000000070d400000, 0x000000070d400000, 0x000000070d600000|  0%| F|  |TAMS 0x000000070d400000, 0x000000070d400000| Untracked 
|  91|0x000000070d600000, 0x000000070d600000, 0x000000070d800000|  0%| F|  |TAMS 0x000000070d600000, 0x000000070d600000| Untracked 
|  92|0x000000070d800000, 0x000000070d800000, 0x000000070da00000|  0%| F|  |TAMS 0x000000070d800000, 0x000000070d800000| Untracked 
|  93|0x000000070da00000, 0x000000070da00000, 0x000000070dc00000|  0%| F|  |TAMS 0x000000070da00000, 0x000000070da00000| Untracked 
|  94|0x000000070dc00000, 0x000000070dc00000, 0x000000070de00000|  0%| F|  |TAMS 0x000000070dc00000, 0x000000070dc00000| Untracked 
|  95|0x000000070de00000, 0x000000070de00000, 0x000000070e000000|  0%| F|  |TAMS 0x000000070de00000, 0x000000070de00000| Untracked 
|  96|0x000000070e000000, 0x000000070e000000, 0x000000070e200000|  0%| F|  |TAMS 0x000000070e000000, 0x000000070e000000| Untracked 
|  97|0x000000070e200000, 0x000000070e200000, 0x000000070e400000|  0%| F|  |TAMS 0x000000070e200000, 0x000000070e200000| Untracked 
|  98|0x000000070e400000, 0x000000070e400000, 0x000000070e600000|  0%| F|  |TAMS 0x000000070e400000, 0x000000070e400000| Untracked 
|  99|0x000000070e600000, 0x000000070e600000, 0x000000070e800000|  0%| F|  |TAMS 0x000000070e600000, 0x000000070e600000| Untracked 
| 100|0x000000070e800000, 0x000000070e800000, 0x000000070ea00000|  0%| F|  |TAMS 0x000000070e800000, 0x000000070e800000| Untracked 
| 101|0x000000070ea00000, 0x000000070ea00000, 0x000000070ec00000|  0%| F|  |TAMS 0x000000070ea00000, 0x000000070ea00000| Untracked 
| 102|0x000000070ec00000, 0x000000070ec00000, 0x000000070ee00000|  0%| F|  |TAMS 0x000000070ec00000, 0x000000070ec00000| Untracked 
| 103|0x000000070ee00000, 0x000000070ee00000, 0x000000070f000000|  0%| F|  |TAMS 0x000000070ee00000, 0x000000070ee00000| Untracked 
| 104|0x000000070f000000, 0x000000070f000000, 0x000000070f200000|  0%| F|  |TAMS 0x000000070f000000, 0x000000070f000000| Untracked 
| 105|0x000000070f200000, 0x000000070f200000, 0x000000070f400000|  0%| F|  |TAMS 0x000000070f200000, 0x000000070f200000| Untracked 
| 106|0x000000070f400000, 0x000000070f400000, 0x000000070f600000|  0%| F|  |TAMS 0x000000070f400000, 0x000000070f400000| Untracked 
| 107|0x000000070f600000, 0x000000070f600000, 0x000000070f800000|  0%| F|  |TAMS 0x000000070f600000, 0x000000070f600000| Untracked 
| 108|0x000000070f800000, 0x000000070f800000, 0x000000070fa00000|  0%| F|  |TAMS 0x000000070f800000, 0x000000070f800000| Untracked 
| 109|0x000000070fa00000, 0x000000070fa00000, 0x000000070fc00000|  0%| F|  |TAMS 0x000000070fa00000, 0x000000070fa00000| Untracked 
| 110|0x000000070fc00000, 0x000000070fc00000, 0x000000070fe00000|  0%| F|  |TAMS 0x000000070fc00000, 0x000000070fc00000| Untracked 
| 111|0x000000070fe00000, 0x000000070fe00000, 0x0000000710000000|  0%| F|  |TAMS 0x000000070fe00000, 0x000000070fe00000| Untracked 
| 112|0x0000000710000000, 0x0000000710000000, 0x0000000710200000|  0%| F|  |TAMS 0x0000000710000000, 0x0000000710000000| Untracked 
| 113|0x0000000710200000, 0x0000000710200000, 0x0000000710400000|  0%| F|  |TAMS 0x0000000710200000, 0x0000000710200000| Untracked 
| 114|0x0000000710400000, 0x0000000710400000, 0x0000000710600000|  0%| F|  |TAMS 0x0000000710400000, 0x0000000710400000| Untracked 
| 115|0x0000000710600000, 0x0000000710600000, 0x0000000710800000|  0%| F|  |TAMS 0x0000000710600000, 0x0000000710600000| Untracked 
| 116|0x0000000710800000, 0x0000000710800000, 0x0000000710a00000|  0%| F|  |TAMS 0x0000000710800000, 0x0000000710800000| Untracked 
| 117|0x0000000710a00000, 0x0000000710a00000, 0x0000000710c00000|  0%| F|  |TAMS 0x0000000710a00000, 0x0000000710a00000| Untracked 
| 118|0x0000000710c00000, 0x0000000710c00000, 0x0000000710e00000|  0%| F|  |TAMS 0x0000000710c00000, 0x0000000710c00000| Untracked 
| 119|0x0000000710e00000, 0x0000000710e00000, 0x0000000711000000|  0%| F|  |TAMS 0x0000000710e00000, 0x0000000710e00000| Untracked 
| 120|0x0000000711000000, 0x0000000711000000, 0x0000000711200000|  0%| F|  |TAMS 0x0000000711000000, 0x0000000711000000| Untracked 
| 121|0x0000000711200000, 0x0000000711200000, 0x0000000711400000|  0%| F|  |TAMS 0x0000000711200000, 0x0000000711200000| Untracked 
| 122|0x0000000711400000, 0x00000007114e3828, 0x0000000711600000| 44%| E|  |TAMS 0x0000000711400000, 0x0000000711400000| Complete 
| 123|0x0000000711600000, 0x0000000711800000, 0x0000000711800000|100%| E|CS|TAMS 0x0000000711600000, 0x0000000711600000| Complete 
| 124|0x0000000711800000, 0x0000000711a00000, 0x0000000711a00000|100%| E|CS|TAMS 0x0000000711800000, 0x0000000711800000| Complete 
| 125|0x0000000711a00000, 0x0000000711c00000, 0x0000000711c00000|100%| E|CS|TAMS 0x0000000711a00000, 0x0000000711a00000| Complete 
| 126|0x0000000711c00000, 0x0000000711e00000, 0x0000000711e00000|100%| E|CS|TAMS 0x0000000711c00000, 0x0000000711c00000| Complete 

Card table byte_map: [0x000002516ae10000,0x000002516b600000] _byte_map_base: 0x0000025167600000

Marking Bits (Prev, Next): (CMBitMap*) 0x00000251534df2e0, (CMBitMap*) 0x00000251534df320
 Prev Bits: [0x000002516bdf0000, 0x000002516fd70000)
 Next Bits: [0x000002516fd70000, 0x0000025173cf0000)

Polling page: 0x0000025152c30000

Metaspace:

Usage:
  Non-class:      1.58 MB used.
      Class:    141.05 KB used.
       Both:      1.72 MB used.

Virtual space:
  Non-class space:       64.00 MB reserved,       1.69 MB (  3%) committed,  1 nodes.
      Class space:        1.00 GB reserved,     192.00 KB ( <1%) committed,  1 nodes.
             Both:        1.06 GB reserved,       1.88 MB ( <1%) committed. 

Chunk freelists:
   Non-Class:  3.56 MB
       Class:  3.69 MB
        Both:  7.25 MB

MaxMetaspaceSize: unlimited
CompressedClassSpaceSize: 1.00 GB
Initial GC threshold: 21.00 MB
Current GC threshold: 21.00 MB
CDS: on
MetaspaceReclaimPolicy: balanced
 - commit_granule_bytes: 65536.
 - commit_granule_words: 8192.
 - virtual_space_node_default_size: 8388608.
 - enlarge_chunks_in_place: 1.
 - new_chunks_are_fully_committed: 0.
 - uncommit_free_chunks: 1.
 - use_allocation_guard: 0.


Internal statistics:

num_allocs_failed_limit: 0.
num_arena_births: 26.
num_arena_deaths: 0.
num_vsnodes_births: 2.
num_vsnodes_deaths: 0.
num_space_committed: 30.
num_space_uncommitted: 0.
num_chunks_returned_to_freelist: 0.
num_chunks_taken_from_freelist: 47.
num_chunk_merges: 0.
num_chunk_splits: 34.
num_chunks_enlarged: 25.
num_inconsistent_stats: 0.

CodeHeap 'non-profiled nmethods': size=119168Kb used=151Kb max_used=151Kb free=119016Kb
 bounds [0x0000025162930000, 0x0000025162ba0000, 0x0000025169d90000]
CodeHeap 'profiled nmethods': size=119104Kb used=743Kb max_used=743Kb free=118360Kb
 bounds [0x000002515b4e0000, 0x000002515b750000, 0x0000025162930000]
CodeHeap 'non-nmethods': size=7488Kb used=2275Kb max_used=2290Kb free=5212Kb
 bounds [0x000002515ad90000, 0x000002515b000000, 0x000002515b4e0000]
 total_blobs=889 nmethods=477 adapters=323
 compilation: enabled
              stopped_count=0, restarted_count=0
 full_count=0

Compilation events (20 events):
Event: 0.484 Thread 0x000002517b0e2340 nmethod 465 0x000002515b584a10 code [0x000002515b584be0, 0x000002515b584f38]
Event: 0.485 Thread 0x000002517b0e2340  469       3       sun.security.provider.PolicyParser::match (778 bytes)
Event: 0.485 Thread 0x0000025176d6f870  470       4       java.io.StreamTokenizer::read (38 bytes)
Event: 0.485 Thread 0x000002517b0e2840 nmethod 468 0x000002515b585110 code [0x000002515b585340, 0x000002515b5859c8]
Event: 0.485 Thread 0x000002517b0e2840  472       3       java.lang.String::copyValueOf (11 bytes)
Event: 0.486 Thread 0x000002517b0e2840 nmethod 472 0x000002515b585c10 code [0x000002515b585dc0, 0x000002515b585f48]
Event: 0.486 Thread 0x000002517b0e2340 nmethod 469 0x000002515b586010 code [0x000002515b586680, 0x000002515b588d98]
Event: 0.486 Thread 0x0000025176d6f870 nmethod 470 0x0000025162954c10 code [0x0000025162954da0, 0x0000025162955078]
Event: 0.486 Thread 0x0000025176d6f870  471   !   4       java.io.BufferedReader::read (104 bytes)
Event: 0.487 Thread 0x000002517b010450 nmethod 467 0x000002515b589e10 code [0x000002515b58a3c0, 0x000002515b58d0a8]
Event: 0.488 Thread 0x000002517b0e2840  474   !   3       java.lang.invoke.MemberName::getMethodType (211 bytes)
Event: 0.488 Thread 0x0000025176d6f870 nmethod 471 0x0000025162955290 code [0x0000025162955420, 0x00000251629558a8]
Event: 0.488 Thread 0x0000025176d6f870  473       4       java.lang.String::coder (15 bytes)
Event: 0.488 Thread 0x0000025176d6f870 nmethod 473 0x0000025162955a90 code [0x0000025162955c00, 0x0000025162955c78]
Event: 0.489 Thread 0x000002517b0e2340  475       3       java.lang.Integer::stringSize (47 bytes)
Event: 0.489 Thread 0x000002517b010450  476       3       java.lang.Integer::getChars (131 bytes)
Event: 0.489 Thread 0x000002517b0e2340 nmethod 475 0x000002515b58da90 code [0x000002515b58dc40, 0x000002515b58de98]
Event: 0.489 Thread 0x000002517b0e2340  477       3       jdk.internal.org.objectweb.asm.Frame::execute (2305 bytes)
Event: 0.489 Thread 0x000002517b010450 nmethod 476 0x000002515b58df90 code [0x000002515b58e160, 0x000002515b58e598]
Event: 0.489 Thread 0x000002517b0e2840 nmethod 474 0x000002515b58e810 code [0x000002515b58eae0, 0x000002515b590018]

GC Heap History (0 events):
No events

Deoptimization events (20 events):
Event: 0.175 Thread 0x0000025153469ba0 DEOPT PACKING pc=0x000002515b51450c sp=0x000000be38dfdd80
Event: 0.175 Thread 0x0000025153469ba0 DEOPT UNPACKING pc=0x000002515ade6763 sp=0x000000be38dfd210 mode 0
Event: 0.175 Thread 0x0000025153469ba0 DEOPT PACKING pc=0x000002515b51450c sp=0x000000be38dfdd80
Event: 0.175 Thread 0x0000025153469ba0 DEOPT UNPACKING pc=0x000002515ade6763 sp=0x000000be38dfd210 mode 0
Event: 0.175 Thread 0x0000025153469ba0 DEOPT PACKING pc=0x000002515b51450c sp=0x000000be38dfdd80
Event: 0.175 Thread 0x0000025153469ba0 DEOPT UNPACKING pc=0x000002515ade6763 sp=0x000000be38dfd210 mode 0
Event: 0.203 Thread 0x0000025153469ba0 Uncommon trap: trap_request=0xffffff45 fr.pc=0x0000025162942614 relative=0x0000000000000174
Event: 0.203 Thread 0x0000025153469ba0 Uncommon trap: reason=unstable_if action=reinterpret pc=0x0000025162942614 method=java.util.zip.ZipFile$Source.isMetaName([BII)Z @ 43 c2
Event: 0.203 Thread 0x0000025153469ba0 DEOPT PACKING pc=0x0000025162942614 sp=0x000000be38dfdeb0
Event: 0.203 Thread 0x0000025153469ba0 DEOPT UNPACKING pc=0x000002515ade5c23 sp=0x000000be38dfde58 mode 2
Event: 0.234 Thread 0x0000025153469ba0 DEOPT PACKING pc=0x000002515b4ebae7 sp=0x000000be38dfdca0
Event: 0.234 Thread 0x0000025153469ba0 DEOPT UNPACKING pc=0x000002515ade6763 sp=0x000000be38dfd0c0 mode 0
Event: 0.311 Thread 0x0000025153469ba0 Uncommon trap: trap_request=0xffffff45 fr.pc=0x0000025162947198 relative=0x0000000000000178
Event: 0.311 Thread 0x0000025153469ba0 Uncommon trap: reason=unstable_if action=reinterpret pc=0x0000025162947198 method=java.util.zip.ZipFile$Source.isMetaName([BII)Z @ 57 c2
Event: 0.311 Thread 0x0000025153469ba0 DEOPT PACKING pc=0x0000025162947198 sp=0x000000be38dfdeb0
Event: 0.311 Thread 0x0000025153469ba0 DEOPT UNPACKING pc=0x000002515ade5c23 sp=0x000000be38dfde58 mode 2
Event: 0.414 Thread 0x0000025153469ba0 DEOPT PACKING pc=0x000002515b529266 sp=0x000000be38dfc7d0
Event: 0.414 Thread 0x0000025153469ba0 DEOPT UNPACKING pc=0x000002515ade6763 sp=0x000000be38dfbca0 mode 0
Event: 0.436 Thread 0x0000025153469ba0 DEOPT PACKING pc=0x000002515b51da56 sp=0x000000be38df99d0
Event: 0.436 Thread 0x0000025153469ba0 DEOPT UNPACKING pc=0x000002515ade6763 sp=0x000000be38df8e70 mode 0

Classes loaded (20 events):
Event: 0.486 Loading class java/util/Vector$1
Event: 0.486 Loading class java/util/Vector$1 done
Event: 0.486 Loading class sun/net/www/protocol/jrt/Handler
Event: 0.486 Loading class sun/net/www/protocol/jrt/Handler done
Event: 0.486 Loading class sun/security/provider/PolicyFile$PolicyEntry
Event: 0.487 Loading class sun/security/provider/PolicyFile$PolicyEntry done
Event: 0.487 Loading class java/net/SocketPermission
Event: 0.487 Loading class java/net/SocketPermission done
Event: 0.487 Loading class java/util/PropertyPermission
Event: 0.487 Loading class java/util/PropertyPermission done
Event: 0.487 Loading class java/net/NetPermission
Event: 0.487 Loading class java/net/NetPermission done
Event: 0.487 Loading class sun/security/util/SecurityConstants
Event: 0.487 Loading class sun/security/util/SecurityConstants done
Event: 0.487 Loading class java/security/SecurityPermission
Event: 0.487 Loading class java/security/SecurityPermission done
Event: 0.488 Loading class java/lang/reflect/ReflectPermission
Event: 0.488 Loading class java/lang/reflect/ReflectPermission done
Event: 0.488 Loading class java/net/URLPermission
Event: 0.488 Loading class java/net/URLPermission done

Classes unloaded (0 events):
No events

Classes redefined (0 events):
No events

Internal exceptions (3 events):
Event: 0.313 Thread 0x0000025153469ba0 Exception <a 'java/lang/NoSuchMethodError'{0x00000007116b75e0}: 'void java.lang.invoke.DirectMethodHandle$Holder.invokeStatic(java.lang.Object, java.lang.Object, java.lang.Object)'> (0x00000007116b75e0) 
thrown [t:\workspace\open\src\hotspot\share\interpreter\linkResolver.cpp, line 766]
Event: 0.319 Thread 0x0000025153469ba0 Exception <a 'java/lang/NoSuchMethodError'{0x00000007116d02f8}: 'java.lang.Object java.lang.invoke.Invokers$Holder.invokeExact_MT(java.lang.Object, java.lang.Object, java.lang.Object, java.lang.Object, java.lang.Object)'> (0x00000007116d02f8) 
thrown [t:\workspace\open\src\hotspot\share\interpreter\linkResolver.cpp, line 766]
Event: 0.384 Thread 0x000002517bc08f10 Exception <a 'java/lang/NoSuchMethodError'{0x00000007117046f8}: 'void java.lang.invoke.DirectMethodHandle$Holder.invokeStatic(java.lang.Object, java.lang.Object)'> (0x00000007117046f8) 
thrown [t:\workspace\open\src\hotspot\share\interpreter\linkResolver.cpp, line 766]

VM Operations (4 events):
Event: 0.127 Executing VM operation: HandshakeAllThreads
Event: 0.128 Executing VM operation: HandshakeAllThreads done
Event: 0.377 Executing VM operation: HandshakeAllThreads
Event: 0.377 Executing VM operation: HandshakeAllThreads done

Events (20 events):
Event: 0.050 Thread 0x0000025176d68ea0 Thread added: 0x0000025176d68ea0
Event: 0.050 Thread 0x0000025176d69840 Thread added: 0x0000025176d69840
Event: 0.050 Thread 0x0000025176d6c1f0 Thread added: 0x0000025176d6c1f0
Event: 0.050 Thread 0x0000025176d6cb90 Thread added: 0x0000025176d6cb90
Event: 0.050 Thread 0x0000025176d6f870 Thread added: 0x0000025176d6f870
Event: 0.051 Thread 0x000002517b010450 Thread added: 0x000002517b010450
Event: 0.051 Thread 0x000002517b030a00 Thread added: 0x000002517b030a00
Event: 0.118 Thread 0x0000025176d3c970 Thread added: 0x0000025176d3c970
Event: 0.127 Thread 0x000002517b0e2340 Thread added: 0x000002517b0e2340
Event: 0.129 Thread 0x000002517b0e2840 Thread added: 0x000002517b0e2840
Event: 0.141 Loaded shared library C:\Users\48609\.jdks\openjdk-18\bin\zip.dll
Event: 0.144 Loaded shared library C:\Users\48609\.jdks\openjdk-18\bin\instrument.dll
Event: 0.154 Loaded shared library C:\Users\48609\.jdks\openjdk-18\bin\net.dll
Event: 0.158 Loaded shared library C:\Users\48609\.jdks\openjdk-18\bin\nio.dll
Event: 0.164 Loaded shared library C:\Users\48609\.jdks\openjdk-18\bin\zip.dll
Event: 0.373 Loaded shared library C:\Program Files\JetBrains\IntelliJ IDEA Community Edition 2021.3.3\bin\breakgen64.dll
Event: 0.374 Thread 0x000002517bc08f10 Thread added: 0x000002517bc08f10
Event: 0.374 Thread 0x000002517b3552b0 Thread added: 0x000002517b3552b0
Event: 0.422 Loaded shared library C:\Users\48609\.jdks\openjdk-18\bin\verify.dll
Event: 0.430 Loaded shared library C:\Users\48609\.jdks\openjdk-18\bin\jimage.dll


Dynamic libraries:
0x00007ff602e70000 - 0x00007ff602e7e000 	C:\Users\48609\.jdks\openjdk-18\bin\java.exe
0x00007ff9c31d0000 - 0x00007ff9c33c8000 	C:\Windows\SYSTEM32\ntdll.dll
0x00007ff9c1c60000 - 0x00007ff9c1d1d000 	C:\Windows\System32\KERNEL32.DLL
0x00007ff9c08f0000 - 0x00007ff9c0bbe000 	C:\Windows\System32\KERNELBASE.dll
0x00007ff9bcb40000 - 0x00007ff9bcb57000 	C:\Users\48609\.jdks\openjdk-18\bin\jli.dll
0x00007ff9a6590000 - 0x00007ff9a65aa000 	C:\Users\48609\.jdks\openjdk-18\bin\VCRUNTIME140.dll
0x00007ff9c0c60000 - 0x00007ff9c0d60000 	C:\Windows\System32\ucrtbase.dll
0x00007ff9c24e0000 - 0x00007ff9c2680000 	C:\Windows\System32\USER32.dll
0x00007ff9ad500000 - 0x00007ff9ad79a000 	C:\Windows\WinSxS\amd64_microsoft.windows.common-controls_6595b64144ccf1df_6.0.19041.1110_none_60b5254171f9507e\COMCTL32.dll
0x00007ff9c0bc0000 - 0x00007ff9c0be2000 	C:\Windows\System32\win32u.dll
0x00007ff9c16f0000 - 0x00007ff9c171a000 	C:\Windows\System32\GDI32.dll
0x00007ff9c2f60000 - 0x00007ff9c2ffe000 	C:\Windows\System32\msvcrt.dll
0x00007ff9c0f70000 - 0x00007ff9c107b000 	C:\Windows\System32\gdi32full.dll
0x00007ff9c0d60000 - 0x00007ff9c0dfd000 	C:\Windows\System32\msvcp_win.dll
0x00007ff9c17c0000 - 0x00007ff9c17f0000 	C:\Windows\System32\IMM32.DLL
0x00007ff9bcb30000 - 0x00007ff9bcb3c000 	C:\Users\48609\.jdks\openjdk-18\bin\vcruntime140_1.dll
0x00007ff9a6080000 - 0x00007ff9a610d000 	C:\Users\48609\.jdks\openjdk-18\bin\msvcp140.dll
0x00007ff925a60000 - 0x00007ff926671000 	C:\Users\48609\.jdks\openjdk-18\bin\server\jvm.dll
0x00007ff9c1640000 - 0x00007ff9c16ee000 	C:\Windows\System32\ADVAPI32.dll
0x00007ff9c1720000 - 0x00007ff9c17bc000 	C:\Windows\System32\sechost.dll
0x00007ff9c23b0000 - 0x00007ff9c24d5000 	C:\Windows\System32\RPCRT4.dll
0x00007ff9c1630000 - 0x00007ff9c1638000 	C:\Windows\System32\PSAPI.DLL
0x00007ff974060000 - 0x00007ff974069000 	C:\Windows\SYSTEM32\WSOCK32.dll
0x00007ff9b6830000 - 0x00007ff9b6857000 	C:\Windows\SYSTEM32\WINMM.dll
0x00007ff9b8e40000 - 0x00007ff9b8e4a000 	C:\Windows\SYSTEM32\VERSION.dll
0x00007ff9c2200000 - 0x00007ff9c226b000 	C:\Windows\System32\WS2_32.dll
0x00007ff9be7c0000 - 0x00007ff9be7d2000 	C:\Windows\SYSTEM32\kernel.appcore.dll
0x00007ff9b3a50000 - 0x00007ff9b3a5a000 	C:\Users\48609\.jdks\openjdk-18\bin\jimage.dll
0x00007ff9bde10000 - 0x00007ff9bdff4000 	C:\Windows\SYSTEM32\DBGHELP.DLL
0x00007ff9a3920000 - 0x00007ff9a394c000 	C:\Windows\SYSTEM32\dbgcore.DLL
0x00007ff9c0e30000 - 0x00007ff9c0eb2000 	C:\Windows\System32\bcryptPrimitives.dll
0x00007ff9a79c0000 - 0x00007ff9a79ce000 	C:\Users\48609\.jdks\openjdk-18\bin\instrument.dll
0x00007ff9a6560000 - 0x00007ff9a6585000 	C:\Users\48609\.jdks\openjdk-18\bin\java.dll
0x00007ff993ad0000 - 0x00007ff993ba6000 	C:\Users\48609\.jdks\openjdk-18\bin\jsvml.dll
0x00007ff9c2810000 - 0x00007ff9c2f53000 	C:\Windows\System32\SHELL32.dll
0x00007ff9be9c0000 - 0x00007ff9bf155000 	C:\Windows\SYSTEM32\windows.storage.dll
0x00007ff9c12d0000 - 0x00007ff9c1624000 	C:\Windows\System32\combase.dll
0x00007ff9c02c0000 - 0x00007ff9c02f0000 	C:\Windows\SYSTEM32\Wldp.dll
0x00007ff9c1e40000 - 0x00007ff9c1eed000 	C:\Windows\System32\SHCORE.dll
0x00007ff9c2350000 - 0x00007ff9c23a5000 	C:\Windows\System32\shlwapi.dll
0x00007ff9c0830000 - 0x00007ff9c084f000 	C:\Windows\SYSTEM32\profapi.dll
0x00007ff9a61f0000 - 0x00007ff9a6208000 	C:\Users\48609\.jdks\openjdk-18\bin\zip.dll
0x00007ff9a6230000 - 0x00007ff9a6243000 	C:\Users\48609\.jdks\openjdk-18\bin\net.dll
0x00007ff9b9b50000 - 0x00007ff9b9c5a000 	C:\Windows\SYSTEM32\WINHTTP.dll
0x00007ff9c0050000 - 0x00007ff9c00ba000 	C:\Windows\system32\mswsock.dll
0x00007ff9a6210000 - 0x00007ff9a6226000 	C:\Users\48609\.jdks\openjdk-18\bin\nio.dll
0x00007ff9a4300000 - 0x00007ff9a431a000 	C:\Program Files\JetBrains\IntelliJ IDEA Community Edition 2021.3.3\bin\breakgen64.dll
0x00007ff9a5f90000 - 0x00007ff9a5fa0000 	C:\Users\48609\.jdks\openjdk-18\bin\verify.dll

dbghelp: loaded successfully - version: 4.0.5 - missing functions: none
symbol engine: initialized successfully - sym options: 0x614 - pdb path: .;C:\Users\48609\.jdks\openjdk-18\bin;C:\Windows\SYSTEM32;C:\Windows\WinSxS\amd64_microsoft.windows.common-controls_6595b64144ccf1df_6.0.19041.1110_none_60b5254171f9507e;C:\Users\48609\.jdks\openjdk-18\bin\server;C:\Program Files\JetBrains\IntelliJ IDEA Community Edition 2021.3.3\bin

VM Arguments:
jvm_args: -javaagent:C:\Program Files\JetBrains\IntelliJ IDEA Community Edition 2021.3.3\lib\idea_rt.jar=50327:C:\Program Files\JetBrains\IntelliJ IDEA Community Edition 2021.3.3\bin -Dfile.encoding=UTF-8 
java_command: com.example.demo.FamilyMemberApp
java_class_path (initial): C:\Users\48609\Desktop\demo\target\classes;C:\Users\48609\.m2\repository\org\springframework\boot\spring-boot-starter\2.7.4\spring-boot-starter-2.7.4.jar;C:\Users\48609\.m2\repository\org\springframework\boot\spring-boot\2.7.4\spring-boot-2.7.4.jar;C:\Users\48609\.m2\repository\org\springframework\spring-context\5.3.23\spring-context-5.3.23.jar;C:\Users\48609\.m2\repository\org\springframework\boot\spring-boot-autoconfigure\2.7.4\spring-boot-autoconfigure-2.7.4.jar;C:\Users\48609\.m2\repository\org\springframework\boot\spring-boot-starter-logging\2.7.4\spring-boot-starter-logging-2.7.4.jar;C:\Users\48609\.m2\repository\ch\qos\logback\logback-classic\1.2.11\logback-classic-1.2.11.jar;C:\Users\48609\.m2\repository\ch\qos\logback\logback-core\1.2.11\logback-core-1.2.11.jar;C:\Users\48609\.m2\repository\org\apache\logging\log4j\log4j-to-slf4j\2.17.2\log4j-to-slf4j-2.17.2.jar;C:\Users\48609\.m2\repository\org\apache\logging\log4j\log4j-api\2.17.2\log4j-api-2.17.2.jar;C:\Users\48609\.m2\repository\org\slf4j\jul-to-slf4j\1.7.36\jul-to-slf4j-1.7.36.jar;C:\Users\48609\.m2\repository\jakarta\annotation\jakarta.annotation-api\1.3.5\jakarta.annotation-api-1.3.5.jar;C:\Users\48609\.m2\repository\org\springframework\spring-core\5.3.23\spring-core-5.3.23.jar;C:\Users\48609\.m2\repository\org\springframework\spring-jcl\5.3.23\spring-jcl-5.3.23.jar;C:\Users\48609\.m2\repository\org\yaml\snakeyaml\1.30\snakeyaml-1.30.jar;C:\Users\48609\.m2\repository\org\springframework\boot\spring-boot-starter-web\2.7.4\spring-boot-starter-web-2.7.4.jar;C:\Users\48609\.m2\repository\org\springframework\boot\spring-boot-starter-json\2.7.4\spring-boot-starter-json-2.7.4.jar;C:\Users\48609\.m2\repository\com\fasterxml\jackson\core\jackson-databind\2.13.4\jackson-databind-2.13.4.jar;C:\Users\48609\.m2\repository\com\fasterxml\jackson\core\jackson-annotations\2.13.4\jackson-annotations-2.13.4.jar;C:\Users\48609\.m2\repository\com\fasterxml\jackson\core\jackson-core\2.13.4\jackson-core-2.13.4.jar;C:\Users\48609\.m2\repository\com\fasterxml\jackson\datatype\jackson-datatype-jdk8\2.13.4\jackson-datatype-jdk8-2.13.4.jar;C:\Users\48609\.m2\repository\com\fasterxml\jackson\datatype\jackson-datatype-jsr310\2.13.4\jackson-datatype-jsr310-2.13.4.jar;C:\Users\48609\.m2\repository\com\fasterxml\jackson\module\jackson-module-parameter-names\2.13.4\jackson-module-parameter-names-2.13.4.jar;C:\Users\48609\.m2\repository\org\springframework\boot\spring-boot-starter-tomcat\2.7.4\spring-boot-starter-tomcat-2.7.4.jar;C:\Users\48609\.m2\repository\org\apache\tomcat\embed\tomcat-embed-core\9.0.65\tomcat-embed-core-9.0.65.jar;C:\Users\48609\.m2\repository\org\apache\tomcat\embed\tomcat-embed-el\9.0.65\tomcat-embed-el-9.0.65.jar;C:\Users\48609\.m2\repository\org\apache\tomcat\embed\tomcat-embed-websocket\9.0.65\tomcat-embed-websocket-9.0.65.jar;C:\Users\48609\.m2\repository\org\springframework\spring-web\5.3.23\spring-web-5.3.23.jar;C:\Users\48609\.m2\repository\org\springframework\spring-beans\5.3.23\spring-beans-5.3.23.jar;C:\Users\48609\.m2\repository\org\springframework\spring-webmvc\5.3.23\spring-webmvc-5.3.23.jar;C:\Users\48609\.m2\repository\org\springframework\spring-expression\5.3.23\spring-expression-5.3.23.jar;C:\Users\48609\.m2\repository\com\h2database\h2\2.1.214\h2-2.1.214.jar;C:\Users\48609\.m2\repository\org\springframework\boot\spring-boot-starter-data-jpa\2.7.4\spring-boot-starter-data-jpa-2.7.4.jar;C:\Users\48609\.m2\repository\org\springframework\boot\spring-boot-starter-aop\2.7.4\spring-boot-starter-aop-2.7.4.jar;C:\Users\48609\.m2\repository\org\aspectj\aspectjweaver\1.9.7\aspectjweaver-1.9.7.jar;C:\Users\48609\.m2\repository\org\springframework\boot\spring-boot-starter-jdbc\2.7.4\spring-boot-starter-jdbc-2.7.4.jar;C:\Users\48609\.m2\repository\com\zaxxer\HikariCP\4.0.3\HikariCP-4.0.3.jar;C:\Users\48609\.m2\repository\org\springframework\spring-jdbc\5.3.23\spring-jdbc-5.3.23.jar;C:\Users\48609\.m2\repository\jakarta\transaction\jakarta.transaction-api\1.3.3\jakarta.transaction-api-1.3.3.jar;C:\Users\48609\.m2\repository\jakarta\persistence\jakarta.persistence-api\2.2.3\jakarta.persistence-api-2.2.3.jar;C:\Users\48609\.m2\repository\org\hibernate\hibernate-core\5.6.11.Final\hibernate-core-5.6.11.Final.jar;C:\Users\48609\.m2\repository\org\jboss\logging\jboss-logging\3.4.3.Final\jboss-logging-3.4.3.Final.jar;C:\Users\48609\.m2\repository\net\bytebuddy\byte-buddy\1.12.17\byte-buddy-1.12.17.jar;C:\Users\48609\.m2\repository\antlr\antlr\2.7.7\antlr-2.7.7.jar;C:\Users\48609\.m2\repository\org\jboss\jandex\2.4.2.Final\jandex-2.4.2.Final.jar;C:\Users\48609\.m2\repository\com\fasterxml\classmate\1.5.1\classmate-1.5.1.jar;C:\Users\48609\.m2\repository\org\hibernate\common\hibernate-commons-annotations\5.1.2.Final\hibernate-commons-annotations-5.1.2.Final.jar;C:\Users\48609\.m2\repository\org\glassfish\jaxb\jaxb-runtime\2.3.6\jaxb-runtime-2.3.6.jar;C:\Users\48609\.m2\repository\org\glassfish\jaxb\txw2\2.3.6\txw2-2.3.6.jar;C:\Users\48609\.m2\repository\com\sun\istack\istack-commons-runtime\3.0.12\istack-commons-runtime-3.0.12.jar;C:\Users\48609\.m2\repository\com\sun\activation\jakarta.activation\1.2.2\jakarta.activation-1.2.2.jar;C:\Users\48609\.m2\repository\org\springframework\data\spring-data-jpa\2.7.3\spring-data-jpa-2.7.3.jar;C:\Users\48609\.m2\repository\org\springframework\data\spring-data-commons\2.7.3\spring-data-commons-2.7.3.jar;C:\Users\48609\.m2\repository\org\springframework\spring-orm\5.3.23\spring-orm-5.3.23.jar;C:\Users\48609\.m2\repository\org\springframework\spring-tx\5.3.23\spring-tx-5.3.23.jar;C:\Users\48609\.m2\repository\org\slf4j\slf4j-api\1.7.36\slf4j-api-1.7.36.jar;C:\Users\48609\.m2\repository\org\springframework\spring-aspects\5.3.23\spring-aspects-5.3.23.jar;C:\Users\48609\.m2\repository\org\springframework\boot\spring-boot-starter-security\2.7.4\spring-boot-starter-security-2.7.4.jar;C:\Users\48609\.m2\repository\org\springframework\spring-aop\5.3.23\spring-aop-5.3.23.jar;C:\Users\48609\.m2\repository\org\springframework\security\spring-security-config\5.7.3\spring-security-config-5.7.3.jar;C:\Users\48609\.m2\repository\org\springframework\security\spring-security-core\5.7.3\spring-security-core-5.7.3.jar;C:\Users\48609\.m2\repository\org\springframework\security\spring-security-crypto\5.7.3\spring-security-crypto-5.7.3.jar;C:\Users\48609\.m2\repository\org\springframework\security\spring-security-web\5.7.3\spring-security-web-5.7.3.jar;C:\Users\48609\.m2\repository\org\hamcrest\hamcrest\2.2\hamcrest-2.2.jar;C:\Users\48609\.m2\repository\jakarta\xml\bind\jakarta.xml.bind-api\2.3.3\jakarta.xml.bind-api-2.3.3.jar;C:\Users\48609\.m2\repository\jakarta\activation\jakarta.activation-api\1.2.2\jakarta.activation-api-1.2.2.jar;C:\Users\48609\.m2\repository\junit\junit\4.13.2\junit-4.13.2.jar;C:\Users\48609\.m2\repository\org\hamcrest\hamcrest-core\2.2\hamcrest-core-2.2.jar
Launcher Type: SUN_STANDARD

[Global flags]
     intx CICompilerCount                          = 12                                        {product} {ergonomic}
     uint ConcGCThreads                            = 3                                         {product} {ergonomic}
     uint G1ConcRefinementThreads                  = 13                                        {product} {ergonomic}
   size_t G1HeapRegionSize                         = 2097152                                   {product} {ergonomic}
    uintx GCDrainStackTargetSize                   = 64                                        {product} {ergonomic}
   size_t InitialHeapSize                          = 266338304                                 {product} {ergonomic}
   size_t MarkStackSize                            = 4194304                                   {product} {ergonomic}
   size_t MaxHeapSize                              = 4261412864                                {product} {ergonomic}
   size_t MaxNewSize                               = 2556428288                                {product} {ergonomic}
   size_t MinHeapDeltaBytes                        = 2097152                                   {product} {ergonomic}
   size_t MinHeapSize                              = 8388608                                   {product} {ergonomic}
    uintx NonNMethodCodeHeapSize                   = 7602480                                {pd product} {ergonomic}
    uintx NonProfiledCodeHeapSize                  = 122027880                              {pd product} {ergonomic}
    uintx ProfiledCodeHeapSize                     = 122027880                              {pd product} {ergonomic}
    uintx ReservedCodeCacheSize                    = 251658240                              {pd product} {ergonomic}
     bool SegmentedCodeCache                       = true                                      {product} {ergonomic}
   size_t SoftMaxHeapSize                          = 4261412864                             {manageable} {ergonomic}
     bool UseCompressedClassPointers               = true                           {product lp64_product} {ergonomic}
     bool UseCompressedOops                        = true                           {product lp64_product} {ergonomic}
     bool UseG1GC                                  = true                                      {product} {ergonomic}
     bool UseLargePagesIndividualAllocation        = false                                  {pd product} {ergonomic}

Logging:
Log output configuration:
 #0: stdout all=warning uptime,level,tags foldmultilines=false
 #1: stderr all=off uptime,level,tags foldmultilines=false

Environment Variables:
PATH=C:\Program Files (x86)\Razer Chroma SDK\bin;C:\Program Files\Razer Chroma SDK\bin;C:\Program Files (x86)\Razer\ChromaBroadcast\bin;C:\Program Files\Razer\ChromaBroadcast\bin;C:\Program Files (x86)\Common Files\Oracle\Java\javapath;C:\Windows\system32;C:\Windows;C:\Windows\System32\Wbem;C:\Windows\System32\WindowsPowerShell\v1.0\;C:\Windows\System32\OpenSSH\;C:\Program Files (x86)\NVIDIA Corporation\PhysX\Common;C:\Program Files\NVIDIA Corporation\NVIDIA NvDLISR;C:\Windows\system32\config\systemprofile\AppData\Local\Microsoft\WindowsApps;C:\Program Files\Git\cmd;C:\Program Files\Docker\Docker\resources\bin;C:\ProgramData\DockerDesktop\version-bin;C:\Users\48609\AppData\Local\Microsoft\WindowsApps;
USERNAME=48609
OS=Windows_NT
PROCESSOR_IDENTIFIER=Intel64 Family 6 Model 167 Stepping 1, GenuineIntel



---------------  S Y S T E M  ---------------

OS:
 Windows 10 , 64 bit Build 19041 (10.0.19041.1889)
OS uptime: 0 days 4:11 hours
Hyper-V role detected

CPU: total 16 (initial active 16) (8 cores per cpu, 2 threads per core) family 6 model 167 stepping 1 microcode 0x40, cx8, cmov, fxsr, ht, mmx, 3dnowpref, sse, sse2, sse3, ssse3, sse4.1, sse4.2, popcnt, lzcnt, tsc, tscinvbit, avx, avx2, aes, erms, clmul, bmi1, bmi2, adx, avx512f, avx512dq, avx512cd, avx512bw, avx512vl, sha, fma, vzeroupper, avx512_vpopcntdq, avx512_vpclmulqdq, avx512_vaes, avx512_vnni, clflush, clflushopt, avx512_vbmi2, avx512_vbmi, hv

Memory: 4k page, system-wide physical 16253M (348M free)
TotalPageFile size 41853M (AvailPageFile size 350M)
current process WorkingSet (physical memory assigned to process): 46M, peak: 46M
current process commit charge ("private bytes"): 358M, peak: 358M

vm_info: OpenJDK 64-Bit Server VM (18+36-2087) for windows-amd64 JRE (18+36-2087), built on Feb 15 2022 09:37:35 by "mach5one" with MS VC++ 16.8 / 16.9 (VS2019)

END.
